2021-04-22 03:29:52,372 [INFO] Calculating LiH minimum.
2021-04-22 03:29:54,892 [INFO] Starting expectation value calculations.
2021-04-22 12:13:22,521 [INFO]  final_simplex: (array([[ 0.00148952,  0.04557968,  0.00052179, ..., -0.06228066,
         0.01136818, -0.11216303],
       [ 0.00148552,  0.04551804,  0.00050916, ..., -0.06229559,
         0.01137228, -0.11213571],
       [ 0.0014862 ,  0.0455434 ,  0.00049997, ..., -0.06228741,
         0.01137011, -0.11218055],
       ...,
       [ 0.00148903,  0.04554373,  0.00051695, ..., -0.06227976,
         0.011367  , -0.11214919],
       [ 0.00148718,  0.04556632,  0.00051346, ..., -0.06226779,
         0.01136757, -0.11215681],
       [ 0.00147455,  0.04556953,  0.0005054 , ..., -0.06227765,
         0.01137604, -0.1121598 ]]), array([-7.88157866, -7.88157809, -7.88157809, -7.881578  , -7.88157797,
       -7.88157778, -7.88157776, -7.88157774, -7.88157733, -7.88157728,
       -7.88157721, -7.8815772 , -7.88157719, -7.88157718, -7.88157715,
       -7.88157714, -7.88157712, -7.88157712, -7.8815771 , -7.88157709,
       -7.88157708, -7.88157707, -7.88157705, -7.88157704, -7.88157704,
       -7.88157704, -7.88157703, -7.88157699, -7.88157698, -7.88157694,
       -7.88157694, -7.88157694, -7.88157689, -7.88157688, -7.88157669,
       -7.88157646, -7.88157646, -7.88157646, -7.88157639, -7.88157639,
       -7.88157638, -7.88157638, -7.88157634, -7.88157632, -7.88157631,
       -7.88157631, -7.88157626, -7.88157624, -7.88157622, -7.88157619,
       -7.88157614, -7.88157614, -7.88157613, -7.88157611, -7.88157611,
       -7.88157609, -7.88157609]))
           fun: -7.881578658701108
       message: 'Optimization terminated successfully.'
          nfev: 14596
           nit: 12936
        status: 0
       success: True
             x: array([ 0.00148952,  0.04557968,  0.00052179, -0.00586845,  0.00200396,
        0.00297273, -0.00058132,  0.00866786,  0.09561891, -0.1332192 ,
       -0.01401686,  0.00116532, -0.08264294, -0.0507909 , -0.01310467,
       -0.00104002, -0.10038346,  0.08620369, -0.05632623,  0.04422164,
        0.13700394,  0.03048664, -0.03062059,  0.00699415,  0.0645842 ,
        0.02673925,  0.02002409,  0.0473078 , -0.06639817, -0.01511198,
       -0.0222037 , -0.06422424,  0.02723809, -0.05109909, -0.02964503,
        0.01288089, -0.02899912,  0.03729511,  0.05526234, -0.03887476,
        0.05617915,  0.028918  , -0.0296879 , -0.00746535, -0.04248008,
       -0.05371917, -0.02136717, -0.00155485,  0.01609194,  0.01324935,
        0.02733253,  0.02253548, -0.00298965, -0.06228066,  0.01136818,
       -0.11216303])
2021-04-22 12:13:22,523 [INFO] Elapsed time: 31406.12882041931
2021-04-22 12:13:22,526 [INFO] Electron count: 4
2021-04-22 12:13:22,526 [INFO] Qubit count: 12
2021-04-22 12:13:22,526 [INFO] Orbital count: 6
2021-04-22 12:13:22,527 [INFO] Results saved.
2021-04-22 12:13:22,527 [INFO] Total programm run time: 31410.154585838318 s.
