2021-04-22 03:29:09,908 [INFO] Calculating BeH2 minimum.
2021-04-22 03:29:13,929 [INFO] Starting expectation value calculations.
2021-04-22 19:47:58,450 [INFO]  final_simplex: (array([[ 2.37418111e-04, -4.81723392e-03, -9.84074037e-05, ...,
        -2.30455067e-02,  1.43358121e-01, -1.67763115e-02],
       [ 2.37540886e-04, -4.82134455e-03, -1.00118863e-04, ...,
        -2.30324957e-02,  1.43341199e-01, -1.67791076e-02],
       [ 2.43788664e-04, -4.80803365e-03, -1.01596354e-04, ...,
        -2.30319987e-02,  1.43343663e-01, -1.67890722e-02],
       ...,
       [ 2.35799463e-04, -4.81274119e-03, -1.05427012e-04, ...,
        -2.30296551e-02,  1.43351015e-01, -1.67768094e-02],
       [ 2.38124302e-04, -4.81886621e-03, -9.89631830e-05, ...,
        -2.30338877e-02,  1.43359293e-01, -1.67919650e-02],
       [ 2.42330370e-04, -4.81502437e-03, -1.02642560e-04, ...,
        -2.30366538e-02,  1.43354204e-01, -1.67853413e-02]]), array([-15.59429044, -15.59429031, -15.59428983, -15.59428982,
       -15.59428924, -15.59428885, -15.59428882, -15.59428879,
       -15.59428873, -15.59428862, -15.59428859, -15.59428856,
       -15.59428855, -15.59428853, -15.5942885 , -15.59428847,
       -15.59428846, -15.59428844, -15.59428841, -15.59428837,
       -15.59428832, -15.59428831, -15.59428827, -15.59428827,
       -15.59428823, -15.59428821, -15.5942882 , -15.59428818,
       -15.59428818, -15.59428817, -15.59428802, -15.59428793,
       -15.5942879 , -15.59428779, -15.59428772, -15.59428745,
       -15.59428713, -15.59428689, -15.59428686, -15.59428683,
       -15.5942867 , -15.59428669, -15.59428667, -15.5942866 ,
       -15.59428654, -15.59428653, -15.59428649, -15.59428647,
       -15.59428647, -15.59428639, -15.59428616, -15.59428595,
       -15.59428593, -15.59428566, -15.59428557, -15.59428557,
       -15.59428549, -15.59428535, -15.59428503, -15.59428479,
       -15.59428478, -15.59428477, -15.59428466]))
           fun: -15.594290438535834
       message: 'Optimization terminated successfully.'
          nfev: 22121
           nit: 19751
        status: 0
       success: True
             x: array([ 2.37418111e-04, -4.81723392e-03, -9.84074037e-05,  2.44839982e-02,
       -1.20678898e-04, -7.29493928e-03, -1.00911655e-03, -2.62657833e-02,
        3.03432360e-01, -4.38903932e-02,  2.74112834e-02, -2.13150534e-03,
       -2.99252595e-01,  2.91912385e-02, -7.58935506e-03, -2.67580558e-02,
        5.94621906e-02,  7.86939053e-02, -2.76381751e-02, -1.82939216e-02,
        1.24969194e-01, -6.25130611e-02,  3.38340191e-02, -7.62466739e-02,
       -3.50123672e-02, -1.28675788e-01, -4.98689505e-02,  1.61840331e-02,
        2.36442095e-02,  1.16475621e-01, -8.38845624e-02, -1.93542707e-01,
       -1.36235384e-01, -1.97538880e-01, -1.40337546e-01,  5.09256278e-02,
       -1.23303987e-01,  2.60500497e-01, -1.74215686e-02,  2.71285615e-02,
       -9.96828770e-03,  4.95985382e-02, -5.39214553e-02, -2.80077334e-02,
        5.10797818e-02,  7.64245247e-02,  9.32933933e-02, -2.09536049e-02,
        1.24764100e-01,  2.23575781e-01, -2.69164499e-01, -4.21898838e-02,
       -2.41800267e-02,  2.06686665e-01, -7.61134820e-02, -1.21456668e-01,
        9.75185804e-02, -8.90254699e-02, -2.34582022e-01, -2.30455067e-02,
        1.43358121e-01, -1.67763115e-02])
2021-04-22 19:47:58,452 [INFO] Elapsed time: 58722.844019174576
2021-04-22 19:47:58,455 [INFO] Electron count: 6
2021-04-22 19:47:58,455 [INFO] Qubit count: 14
2021-04-22 19:47:58,456 [INFO] Orbital count: 7
2021-04-22 19:47:58,456 [INFO] Results saved.
2021-04-22 19:47:58,456 [INFO] Total programm run time: 58728.547731637955 s.
